c:\users\chengk\desktop\fu_wpf\imagerender\x64\release\cartoon.obj
c:\users\chengk\desktop\fu_wpf\imagerender\x64\release\colorspace.obj
c:\users\chengk\desktop\fu_wpf\imagerender\x64\release\edgetangentflow.obj
c:\users\chengk\desktop\fu_wpf\imagerender\x64\release\linedrawing.obj
c:\users\chengk\desktop\fu_wpf\imagerender\x64\release\maoboli.obj
c:\users\chengk\desktop\fu_wpf\imagerender\x64\release\mtxxlifesketch.obj
c:\users\chengk\desktop\fu_wpf\imagerender\x64\release\quban.obj
c:\users\chengk\desktop\fu_wpf\imagerender\x64\release\shan.obj
c:\users\chengk\desktop\fu_wpf\imagerender\x64\release\cartoon2.obj
c:\users\chengk\desktop\fu_wpf\imagerender\x64\release\colorreduce.obj
c:\users\chengk\desktop\fu_wpf\imagerender\x64\release\cvfilter.obj
c:\users\chengk\desktop\fu_wpf\imagerender\x64\release\getfacekeypoint.obj
c:\users\chengk\desktop\fu_wpf\imagerender\x64\release\line.obj
c:\users\chengk\desktop\fu_wpf\imagerender\x64\release\mosaic.obj
c:\users\chengk\desktop\fu_wpf\imagerender\x64\release\oilpaint.obj
c:\users\chengk\desktop\fu_wpf\imagerender\x64\release\sethue.obj
c:\users\chengk\desktop\fu_wpf\imagerender\x64\release\watercolor.obj
c:\users\chengk\desktop\fu_wpf\imagerender\x64\release\capturesender.obj
c:\users\chengk\desktop\fu_wpf\imagerender\x64\release\coherencefilter.obj
c:\users\chengk\desktop\fu_wpf\imagerender\x64\release\curve.obj
c:\users\chengk\desktop\fu_wpf\imagerender\x64\release\fenbi.obj
c:\users\chengk\desktop\fu_wpf\imagerender\x64\release\ascii.obj
c:\users\chengk\desktop\fu_wpf\imagerender\x64\release\mtxxcq.obj
c:\users\chengk\desktop\fu_wpf\imagerender\x64\release\pencildraw.obj
c:\users\chengk\desktop\fu_wpf\imagerender\x64\release\setsaturation.obj
c:\users\chengk\desktop\fu_wpf\imagerender\x64\release\carving.obj
c:\users\chengk\desktop\fu_wpf\imagerender\x64\release\colorbalance.obj
c:\users\chengk\desktop\fu_wpf\imagerender\x64\release\dermabrasion.obj
c:\users\chengk\desktop\fu_wpf\imagerender\x64\release\gta5style.obj
c:\users\chengk\desktop\fu_wpf\imagerender\x64\release\lowpoly.obj
c:\users\chengk\desktop\fu_wpf\imagerender\x64\release\mtxxoilpaint.obj
c:\users\chengk\desktop\fu_wpf\imagerender\x64\release\setbrightness.obj
c:\users\chengk\desktop\fu_wpf\imagerender\x64\release\filter.obj
c:\users\chengk\desktop\fu_wpf\imagerender\x64\release\vc140.pdb
c:\users\chengk\desktop\fu_wpf\fu_uwp\bin\release\imagerender.lib
c:\users\chengk\desktop\fu_wpf\fu_uwp\bin\release\imagerender.exp
c:\users\chengk\desktop\fu_wpf\fu_uwp\bin\release\imagerender.dll
c:\users\chengk\desktop\fu_wpf\fu_uwp\bin\release\imagerender.ipdb
c:\users\chengk\desktop\fu_wpf\fu_uwp\bin\release\imagerender.iobj
c:\users\chengk\desktop\fu_wpf\fu_uwp\bin\release\imagerender.pdb
c:\users\chengk\desktop\fu_wpf\imagerender\..\fu_uwp\bin\release\imagerender.dll
c:\users\chengk\desktop\fu_wpf\imagerender\x64\release\imagerender.tlog\cl.command.1.tlog
c:\users\chengk\desktop\fu_wpf\imagerender\x64\release\imagerender.tlog\cl.read.1.tlog
c:\users\chengk\desktop\fu_wpf\imagerender\x64\release\imagerender.tlog\cl.write.1.tlog
c:\users\chengk\desktop\fu_wpf\imagerender\x64\release\imagerender.tlog\imagerender.write.1u.tlog
c:\users\chengk\desktop\fu_wpf\imagerender\x64\release\imagerender.tlog\link.command.1.tlog
c:\users\chengk\desktop\fu_wpf\imagerender\x64\release\imagerender.tlog\link.read.1.tlog
c:\users\chengk\desktop\fu_wpf\imagerender\x64\release\imagerender.tlog\link.write.1.tlog
