d:\fu_wpf\imagerender\x64\debug\vc140.pdb
d:\fu_wpf\imagerender\x64\debug\vc140.idb
d:\fu_wpf\imagerender\x64\debug\getfacekeypoint.obj
d:\fu_wpf\imagerender\x64\debug\gta5style.obj
d:\fu_wpf\imagerender\x64\debug\line.obj
d:\fu_wpf\imagerender\x64\debug\linedrawing.obj
d:\fu_wpf\imagerender\x64\debug\ascii.obj
d:\fu_wpf\imagerender\x64\debug\lowpoly.obj
d:\fu_wpf\imagerender\x64\debug\maoboli.obj
d:\fu_wpf\imagerender\x64\debug\mosaic.obj
d:\fu_wpf\imagerender\x64\debug\mtxxcq.obj
d:\fu_wpf\imagerender\x64\debug\mtxxlifesketch.obj
d:\fu_wpf\imagerender\x64\debug\mtxxoilpaint.obj
d:\fu_wpf\imagerender\x64\debug\oilpaint.obj
d:\fu_wpf\imagerender\x64\debug\pencildraw.obj
d:\fu_wpf\imagerender\x64\debug\quban.obj
d:\fu_wpf\imagerender\x64\debug\setbrightness.obj
d:\fu_wpf\imagerender\x64\debug\sethue.obj
d:\fu_wpf\imagerender\x64\debug\setsaturation.obj
d:\fu_wpf\imagerender\x64\debug\shan.obj
d:\fu_wpf\imagerender\x64\debug\watercolor.obj
d:\fu_wpf\imagerender\x64\debug\filter.obj
d:\fu_wpf\imagerender\x64\debug\capturesender.obj
d:\fu_wpf\imagerender\x64\debug\cartoon.obj
d:\fu_wpf\imagerender\x64\debug\cartoon2.obj
d:\fu_wpf\imagerender\x64\debug\carving.obj
d:\fu_wpf\imagerender\x64\debug\coherencefilter.obj
d:\fu_wpf\imagerender\x64\debug\colorbalance.obj
d:\fu_wpf\imagerender\x64\debug\colorreduce.obj
d:\fu_wpf\imagerender\x64\debug\colorspace.obj
d:\fu_wpf\imagerender\x64\debug\curve.obj
d:\fu_wpf\imagerender\x64\debug\cvfilter.obj
d:\fu_wpf\imagerender\x64\debug\dermabrasion.obj
d:\fu_wpf\imagerender\x64\debug\edgetangentflow.obj
d:\fu_wpf\imagerender\x64\debug\fenbi.obj
d:\fu_wpf\fu_uwp\bin\debug\imagerender.lib
d:\fu_wpf\fu_uwp\bin\debug\imagerender.exp
d:\fu_wpf\fu_uwp\bin\debug\imagerender.ilk
d:\fu_wpf\fu_uwp\bin\debug\imagerender.dll
d:\fu_wpf\fu_uwp\bin\debug\imagerender.pdb
d:\fu_wpf\imagerender\x64\debug\imagerender.tlog\cl.command.1.tlog
d:\fu_wpf\imagerender\x64\debug\imagerender.tlog\cl.read.1.tlog
d:\fu_wpf\imagerender\x64\debug\imagerender.tlog\cl.write.1.tlog
d:\fu_wpf\imagerender\x64\debug\imagerender.tlog\imagerender.write.1u.tlog
d:\fu_wpf\imagerender\x64\debug\imagerender.tlog\link.command.1.tlog
d:\fu_wpf\imagerender\x64\debug\imagerender.tlog\link.read.1.tlog
d:\fu_wpf\imagerender\x64\debug\imagerender.tlog\link.write.1.tlog
