c:\users\chengk\documents\visual studio 2015\projects\imagerender\imagerender\release\carving.obj
c:\users\chengk\documents\visual studio 2015\projects\imagerender\imagerender\release\colorbalance.obj
c:\users\chengk\documents\visual studio 2015\projects\imagerender\imagerender\release\curve.obj
c:\users\chengk\documents\visual studio 2015\projects\imagerender\imagerender\release\fenbi.obj
c:\users\chengk\documents\visual studio 2015\projects\imagerender\imagerender\release\linedrawing.obj
c:\users\chengk\documents\visual studio 2015\projects\imagerender\imagerender\release\maoboli.obj
c:\users\chengk\documents\visual studio 2015\projects\imagerender\imagerender\release\mtxxlifesketch.obj
c:\users\chengk\documents\visual studio 2015\projects\imagerender\imagerender\release\pencildraw.obj
c:\users\chengk\documents\visual studio 2015\projects\imagerender\imagerender\release\shan.obj
c:\users\chengk\documents\visual studio 2015\projects\imagerender\imagerender\release\cartoon2.obj
c:\users\chengk\documents\visual studio 2015\projects\imagerender\imagerender\release\colorreduce.obj
c:\users\chengk\documents\visual studio 2015\projects\imagerender\imagerender\release\dermabrasion.obj
c:\users\chengk\documents\visual studio 2015\projects\imagerender\imagerender\release\gta5style.obj
c:\users\chengk\documents\visual studio 2015\projects\imagerender\imagerender\release\ascii.obj
c:\users\chengk\documents\visual studio 2015\projects\imagerender\imagerender\release\mosaic.obj
c:\users\chengk\documents\visual studio 2015\projects\imagerender\imagerender\release\mtxxoilpaint.obj
c:\users\chengk\documents\visual studio 2015\projects\imagerender\imagerender\release\quban.obj
c:\users\chengk\documents\visual studio 2015\projects\imagerender\imagerender\release\watercolor.obj
c:\users\chengk\documents\visual studio 2015\projects\imagerender\imagerender\release\capturesender.obj
c:\users\chengk\documents\visual studio 2015\projects\imagerender\imagerender\release\colorspace.obj
c:\users\chengk\documents\visual studio 2015\projects\imagerender\imagerender\release\edgetangentflow.obj
c:\users\chengk\documents\visual studio 2015\projects\imagerender\imagerender\release\line.obj
c:\users\chengk\documents\visual studio 2015\projects\imagerender\imagerender\release\lowpoly.obj
c:\users\chengk\documents\visual studio 2015\projects\imagerender\imagerender\release\mtxxcq.obj
c:\users\chengk\documents\visual studio 2015\projects\imagerender\imagerender\release\oilpaint.obj
c:\users\chengk\documents\visual studio 2015\projects\imagerender\imagerender\release\sethue.obj
c:\users\chengk\documents\visual studio 2015\projects\imagerender\imagerender\release\filter.obj
c:\users\chengk\documents\visual studio 2015\projects\imagerender\imagerender\release\cartoon.obj
c:\users\chengk\documents\visual studio 2015\projects\imagerender\imagerender\release\coherencefilter.obj
c:\users\chengk\documents\visual studio 2015\projects\imagerender\imagerender\release\cvfilter.obj
c:\users\chengk\documents\visual studio 2015\projects\imagerender\imagerender\release\getfacekeypoint.obj
c:\users\chengk\documents\visual studio 2015\projects\imagerender\imagerender\release\setsaturation.obj
c:\users\chengk\documents\visual studio 2015\projects\imagerender\imagerender\release\vc140.pdb
c:\users\chengk\documents\visual studio 2015\projects\imagerender\release\imagerender.lib
c:\users\chengk\documents\visual studio 2015\projects\imagerender\release\imagerender.exp
c:\users\chengk\documents\visual studio 2015\projects\imagerender\release\imagerender.dll
c:\users\chengk\documents\visual studio 2015\projects\imagerender\release\imagerender.pdb
c:\users\chengk\documents\visual studio 2015\projects\imagerender\imagerender\release\imagerender.tlog\cl.command.1.tlog
c:\users\chengk\documents\visual studio 2015\projects\imagerender\imagerender\release\imagerender.tlog\cl.read.1.tlog
c:\users\chengk\documents\visual studio 2015\projects\imagerender\imagerender\release\imagerender.tlog\cl.write.1.tlog
c:\users\chengk\documents\visual studio 2015\projects\imagerender\imagerender\release\imagerender.tlog\imagerender.write.1u.tlog
c:\users\chengk\documents\visual studio 2015\projects\imagerender\imagerender\release\imagerender.tlog\link.command.1.tlog
c:\users\chengk\documents\visual studio 2015\projects\imagerender\imagerender\release\imagerender.tlog\link.read.1.tlog
c:\users\chengk\documents\visual studio 2015\projects\imagerender\imagerender\release\imagerender.tlog\link.write.1.tlog
